Watching for file changes with StatReloader
Not Found: /
"GET / HTTP/1.1" 404 2673
Not Found: /favicon.ico
"GET /favicon.ico HTTP/1.1" 404 2724
Unauthorized: /api/create/
"OPTIONS /api/create/ HTTP/1.1" 401 58
Watching for file changes with StatReloader
Not Found: /
"GET / HTTP/1.1" 404 2673
Not Found: /favicon.ico
"GET /favicon.ico HTTP/1.1" 404 2724
Unauthorized: /api/create/
"OPTIONS /api/create/ HTTP/1.1" 401 58
Watching for file changes with StatReloader
Not Found: /
"GET / HTTP/1.1" 404 2673
Not Found: /api
"GET /api HTTP/1.1" 404 2700
Not Found: /
"GET / HTTP/1.1" 404 2673
Unauthorized: /api/create/
"OPTIONS /api/create/ HTTP/1.1" 401 58
Unauthorized: /api/create/
"OPTIONS /api/create/ HTTP/1.1" 401 58
Unauthorized: /api/create/
"OPTIONS /api/create/ HTTP/1.1" 401 58
Watching for file changes with StatReloader
Not Found: /
"GET / HTTP/1.1" 404 2673
Unauthorized: /api/create/
"OPTIONS /api/create/ HTTP/1.1" 401 58
Unauthorized: /api/create/
"GET /api/create/ HTTP/1.1" 401 3772
"GET /static/rest_framework/css/bootstrap-tweaks.css HTTP/1.1" 200 3426
"GET /static/rest_framework/css/default.css HTTP/1.1" 200 1152
"GET /static/rest_framework/css/prettify.css HTTP/1.1" 200 817
"GET /static/rest_framework/css/bootstrap.min.css HTTP/1.1" 200 121457
"GET /static/rest_framework/js/ajax-form.js HTTP/1.1" 200 3796
"GET /static/rest_framework/js/csrf.js HTTP/1.1" 200 1793
"GET /static/rest_framework/js/default.js HTTP/1.1" 200 1268
"GET /static/rest_framework/js/load-ajax-form.js HTTP/1.1" 200 59
"GET /static/rest_framework/js/bootstrap.min.js HTTP/1.1" 200 39680
"GET /static/rest_framework/js/prettify-min.js HTTP/1.1" 200 13632
"GET /static/rest_framework/js/jquery-3.7.1.min.js HTTP/1.1" 200 87533
"GET /static/rest_framework/img/grid.png HTTP/1.1" 200 1458
Not Found: /favicon.ico
"GET /favicon.ico HTTP/1.1" 404 2724
C:\Users\Nagasai\22J41A6701\backend\shortener\views.py changed, reloading.
Watching for file changes with StatReloader
Watching for file changes with StatReloader
Not Found: /
"GET / HTTP/1.1" 404 2673
"OPTIONS /api/create/ HTTP/1.1" 200 175
"OPTIONS /api/create/ HTTP/1.1" 200 175
"OPTIONS /api/create/ HTTP/1.1" 200 175
"OPTIONS /api/create/ HTTP/1.1" 200 175
Watching for file changes with StatReloader
C:\Users\Nagasai\22J41A6701\backend\url_shortener\settings.py changed, reloading.
Watching for file changes with StatReloader
Watching for file changes with StatReloader
Watching for file changes with StatReloader
Not Found: /
"GET / HTTP/1.1" 404 2673
